mode: atomic
github.com/tsuru/tsuru-client/v2/internal/config/config.go:16.13,21.2 3 1
github.com/tsuru/tsuru-client/v2/internal/config/target.go:26.64,32.24 4 40
github.com/tsuru/tsuru-client/v2/internal/config/target.go:32.24,34.3 1 20
github.com/tsuru/tsuru-client/v2/internal/config/target.go:35.2,35.16 1 20
github.com/tsuru/tsuru-client/v2/internal/config/target.go:35.16,37.3 1 0
github.com/tsuru/tsuru-client/v2/internal/config/target.go:39.2,40.41 2 20
github.com/tsuru/tsuru-client/v2/internal/config/target.go:40.41,42.30 2 20
github.com/tsuru/tsuru-client/v2/internal/config/target.go:42.30,45.29 2 35
github.com/tsuru/tsuru-client/v2/internal/config/target.go:45.29,47.5 1 35
github.com/tsuru/tsuru-client/v2/internal/config/target.go:50.2,50.21 1 20
github.com/tsuru/tsuru-client/v2/internal/config/target.go:55.67,57.16 2 11
github.com/tsuru/tsuru-client/v2/internal/config/target.go:57.16,59.3 1 0
github.com/tsuru/tsuru-client/v2/internal/config/target.go:60.2,61.25 2 11
github.com/tsuru/tsuru-client/v2/internal/config/target.go:61.25,62.18 1 10
github.com/tsuru/tsuru-client/v2/internal/config/target.go:62.18,64.4 1 4
github.com/tsuru/tsuru-client/v2/internal/config/target.go:65.3,65.37 1 6
github.com/tsuru/tsuru-client/v2/internal/config/target.go:67.2,68.31 2 7
github.com/tsuru/tsuru-client/v2/internal/config/target.go:68.31,69.27 1 10
github.com/tsuru/tsuru-client/v2/internal/config/target.go:69.27,71.4 1 3
github.com/tsuru/tsuru-client/v2/internal/config/target.go:73.2,73.69 1 4
github.com/tsuru/tsuru-client/v2/internal/config/target.go:78.71,80.49 2 2
github.com/tsuru/tsuru-client/v2/internal/config/target.go:80.49,82.42 2 1
github.com/tsuru/tsuru-client/v2/internal/config/target.go:82.42,84.4 1 1
github.com/tsuru/tsuru-client/v2/internal/config/target.go:87.2,87.18 1 2
github.com/tsuru/tsuru-client/v2/internal/config/target.go:87.18,89.3 1 1
github.com/tsuru/tsuru-client/v2/internal/config/target.go:91.2,91.20 1 1
github.com/tsuru/tsuru-client/v2/internal/config/target.go:96.64,98.16 2 21
github.com/tsuru/tsuru-client/v2/internal/config/target.go:98.16,100.3 1 0
github.com/tsuru/tsuru-client/v2/internal/config/target.go:102.2,103.35 2 21
github.com/tsuru/tsuru-client/v2/internal/config/target.go:103.35,105.3 1 3
github.com/tsuru/tsuru-client/v2/internal/config/target.go:107.2,107.23 1 21
github.com/tsuru/tsuru-client/v2/internal/config/target.go:111.57,113.77 2 18
github.com/tsuru/tsuru-client/v2/internal/config/target.go:113.77,116.38 3 13
github.com/tsuru/tsuru-client/v2/internal/config/target.go:116.38,118.4 1 7
github.com/tsuru/tsuru-client/v2/internal/config/target.go:120.2,120.14 1 11
github.com/tsuru/tsuru-client/v2/internal/config/target.go:124.60,126.16 2 6
github.com/tsuru/tsuru-client/v2/internal/config/target.go:126.16,128.3 1 0
github.com/tsuru/tsuru-client/v2/internal/config/target.go:129.2,133.28 3 6
github.com/tsuru/tsuru-client/v2/internal/config/target.go:133.28,135.3 1 16
github.com/tsuru/tsuru-client/v2/internal/config/target.go:136.2,136.41 1 6
github.com/tsuru/tsuru-client/v2/internal/config/target.go:136.41,136.73 1 15
github.com/tsuru/tsuru-client/v2/internal/config/target.go:139.2,140.16 2 6
github.com/tsuru/tsuru-client/v2/internal/config/target.go:140.16,142.3 1 0
github.com/tsuru/tsuru-client/v2/internal/config/target.go:143.2,143.27 1 6
github.com/tsuru/tsuru-client/v2/internal/config/target.go:143.27,145.18 2 16
github.com/tsuru/tsuru-client/v2/internal/config/target.go:145.18,147.4 1 0
github.com/tsuru/tsuru-client/v2/internal/config/target.go:151.2,151.100 1 6
github.com/tsuru/tsuru-client/v2/internal/config/target.go:155.62,158.16 3 5
github.com/tsuru/tsuru-client/v2/internal/config/target.go:158.16,160.3 1 0
github.com/tsuru/tsuru-client/v2/internal/config/target.go:161.2,163.16 3 5
github.com/tsuru/tsuru-client/v2/internal/config/target.go:163.16,165.3 1 0
github.com/tsuru/tsuru-client/v2/internal/config/target.go:167.2,167.12 1 5
github.com/tsuru/tsuru-client/v2/internal/config/target.go:171.47,172.58 1 32
github.com/tsuru/tsuru-client/v2/internal/config/target.go:172.58,174.3 1 15
github.com/tsuru/tsuru-client/v2/internal/config/target.go:175.2,175.15 1 32
github.com/tsuru/tsuru-client/v2/internal/config/token.go:20.67,22.66 2 4
github.com/tsuru/tsuru-client/v2/internal/config/token.go:22.66,24.3 1 2
github.com/tsuru/tsuru-client/v2/internal/config/token.go:25.2,28.39 3 4
github.com/tsuru/tsuru-client/v2/internal/config/token.go:28.39,30.53 2 5
github.com/tsuru/tsuru-client/v2/internal/config/token.go:30.53,33.19 3 3
github.com/tsuru/tsuru-client/v2/internal/config/token.go:33.19,35.5 1 0
github.com/tsuru/tsuru-client/v2/internal/config/token.go:36.4,37.24 2 3
github.com/tsuru/tsuru-client/v2/internal/config/token.go:40.2,40.24 1 1
github.com/tsuru/tsuru-client/v2/internal/config/token.go:40.24,42.3 1 1
github.com/tsuru/tsuru-client/v2/internal/config/token.go:43.2,43.16 1 0
github.com/tsuru/tsuru-client/v2/internal/config/token.go:47.63,49.16 2 4
github.com/tsuru/tsuru-client/v2/internal/config/token.go:49.16,51.3 1 0
github.com/tsuru/tsuru-client/v2/internal/config/token.go:53.2,54.35 2 4
github.com/tsuru/tsuru-client/v2/internal/config/token.go:54.35,56.3 1 2
github.com/tsuru/tsuru-client/v2/internal/config/token.go:56.8,56.90 1 2
github.com/tsuru/tsuru-client/v2/internal/config/token.go:56.90,59.3 2 2
github.com/tsuru/tsuru-client/v2/internal/config/token.go:61.2,64.39 3 4
github.com/tsuru/tsuru-client/v2/internal/config/token.go:64.39,66.17 2 8
github.com/tsuru/tsuru-client/v2/internal/config/token.go:66.17,68.4 1 0
github.com/tsuru/tsuru-client/v2/internal/config/token.go:69.3,71.17 3 8
github.com/tsuru/tsuru-client/v2/internal/config/token.go:71.17,73.4 1 0
github.com/tsuru/tsuru-client/v2/internal/config/token.go:74.3,74.22 1 8
github.com/tsuru/tsuru-client/v2/internal/config/token.go:74.22,76.4 1 0
github.com/tsuru/tsuru-client/v2/internal/config/token.go:78.2,78.12 1 4
github.com/tsuru/tsuru-client/v2/internal/config/token.go:82.61,84.35 2 3
github.com/tsuru/tsuru-client/v2/internal/config/token.go:84.35,86.3 1 1
github.com/tsuru/tsuru-client/v2/internal/config/token.go:87.2,87.66 1 3
github.com/tsuru/tsuru-client/v2/internal/config/token.go:87.66,89.3 1 3
github.com/tsuru/tsuru-client/v2/internal/config/token.go:91.2,92.39 2 3
github.com/tsuru/tsuru-client/v2/internal/config/token.go:92.39,93.71 1 4
github.com/tsuru/tsuru-client/v2/internal/config/token.go:93.71,95.4 1 0
github.com/tsuru/tsuru-client/v2/internal/config/token.go:97.2,97.29 1 3
github.com/tsuru/tsuru-client/v2/internal/config/token.go:100.37,102.2 1 11
github.com/tsuru/tsuru-client/v2/internal/exec/exec.go:35.51,43.2 7 4
github.com/tsuru/tsuru-client/v2/internal/exec/exec.go:54.55,55.24 1 3
github.com/tsuru/tsuru-client/v2/internal/exec/exec.go:55.24,57.3 1 1
github.com/tsuru/tsuru-client/v2/internal/exec/exec.go:58.2,58.24 1 3
github.com/tsuru/tsuru-client/v2/internal/exec/exec.go:58.24,60.3 1 1
github.com/tsuru/tsuru-client/v2/internal/exec/exec.go:61.2,62.17 2 3
github.com/tsuru/tsuru-client/v2/internal/exec/open.go:17.19,20.16 3 1
github.com/tsuru/tsuru-client/v2/internal/exec/open.go:20.16,23.3 2 0
github.com/tsuru/tsuru-client/v2/internal/exec/open.go:24.2,25.47 2 1
github.com/tsuru/tsuru-client/v2/internal/exec/open.go:28.42,32.13 3 1
github.com/tsuru/tsuru-client/v2/internal/exec/open.go:32.13,35.3 2 0
github.com/tsuru/tsuru-client/v2/internal/exec/open.go:37.2,41.25 2 1
github.com/tsuru/tsuru-client/v2/pkg/cmd/auth/login.go:21.66,38.55 1 5
github.com/tsuru/tsuru-client/v2/pkg/cmd/auth/login.go:38.55,40.4 1 0
github.com/tsuru/tsuru-client/v2/pkg/cmd/auth/login.go:44.2,44.17 1 5
github.com/tsuru/tsuru-client/v2/pkg/cmd/auth/login.go:47.92,48.56 1 5
github.com/tsuru/tsuru-client/v2/pkg/cmd/auth/login.go:48.56,50.3 1 1
github.com/tsuru/tsuru-client/v2/pkg/cmd/auth/login.go:51.2,54.27 3 4
github.com/tsuru/tsuru-client/v2/pkg/cmd/auth/login.go:54.27,57.17 3 0
github.com/tsuru/tsuru-client/v2/pkg/cmd/auth/login.go:57.17,59.4 1 0
github.com/tsuru/tsuru-client/v2/pkg/cmd/auth/login.go:62.2,62.42 1 4
github.com/tsuru/tsuru-client/v2/pkg/cmd/auth/login.go:63.15,64.42 1 0
github.com/tsuru/tsuru-client/v2/pkg/cmd/auth/login.go:65.14,66.93 1 0
github.com/tsuru/tsuru-client/v2/pkg/cmd/auth/login.go:67.10,68.42 1 4
github.com/tsuru/tsuru-client/v2/pkg/cmd/auth/login.go:72.75,74.16 2 2
github.com/tsuru/tsuru-client/v2/pkg/cmd/auth/login.go:74.16,76.3 1 0
github.com/tsuru/tsuru-client/v2/pkg/cmd/auth/login.go:77.2,78.16 2 2
github.com/tsuru/tsuru-client/v2/pkg/cmd/auth/login.go:78.16,80.3 1 0
github.com/tsuru/tsuru-client/v2/pkg/cmd/auth/login.go:81.2,85.16 4 2
github.com/tsuru/tsuru-client/v2/pkg/cmd/auth/login.go:85.16,87.3 1 1
github.com/tsuru/tsuru-client/v2/pkg/cmd/auth/login.go:88.2,88.19 1 1
github.com/tsuru/tsuru-client/v2/pkg/cmd/auth/logout.go:16.67,24.55 1 3
github.com/tsuru/tsuru-client/v2/pkg/cmd/auth/logout.go:24.55,26.4 1 0
github.com/tsuru/tsuru-client/v2/pkg/cmd/auth/logout.go:30.2,30.17 1 3
github.com/tsuru/tsuru-client/v2/pkg/cmd/auth/logout.go:33.93,36.28 3 2
github.com/tsuru/tsuru-client/v2/pkg/cmd/auth/logout.go:36.28,37.10 1 2
github.com/tsuru/tsuru-client/v2/pkg/cmd/auth/logout.go:37.10,39.18 2 2
github.com/tsuru/tsuru-client/v2/pkg/cmd/auth/logout.go:39.18,42.5 2 0
github.com/tsuru/tsuru-client/v2/pkg/cmd/auth/logout.go:43.4,44.18 2 2
github.com/tsuru/tsuru-client/v2/pkg/cmd/auth/logout.go:44.18,47.5 2 0
github.com/tsuru/tsuru-client/v2/pkg/cmd/auth/logout.go:48.4,48.38 1 2
github.com/tsuru/tsuru-client/v2/pkg/cmd/auth/logout.go:48.38,50.5 1 1
github.com/tsuru/tsuru-client/v2/pkg/cmd/auth/logout.go:51.4,51.35 1 2
github.com/tsuru/tsuru-client/v2/pkg/cmd/auth/logout.go:55.2,55.85 1 2
github.com/tsuru/tsuru-client/v2/pkg/cmd/auth/logout.go:55.85,58.3 2 0
github.com/tsuru/tsuru-client/v2/pkg/cmd/auth/logout.go:60.2,60.20 1 2
github.com/tsuru/tsuru-client/v2/pkg/cmd/auth/logout.go:60.20,62.3 1 1
github.com/tsuru/tsuru-client/v2/pkg/cmd/auth/logout.go:62.8,64.3 1 1
github.com/tsuru/tsuru-client/v2/pkg/cmd/auth/logout.go:65.2,65.29 1 2
github.com/tsuru/tsuru-client/v2/pkg/cmd/auth/native.go:20.92,22.19 2 4
github.com/tsuru/tsuru-client/v2/pkg/cmd/auth/native.go:22.19,24.3 1 3
github.com/tsuru/tsuru-client/v2/pkg/cmd/auth/native.go:24.8,27.3 2 1
github.com/tsuru/tsuru-client/v2/pkg/cmd/auth/native.go:28.2,30.16 3 4
github.com/tsuru/tsuru-client/v2/pkg/cmd/auth/native.go:30.16,32.3 1 1
github.com/tsuru/tsuru-client/v2/pkg/cmd/auth/native.go:33.2,39.16 6 3
github.com/tsuru/tsuru-client/v2/pkg/cmd/auth/native.go:39.16,41.3 1 0
github.com/tsuru/tsuru-client/v2/pkg/cmd/auth/native.go:42.2,45.16 3 3
github.com/tsuru/tsuru-client/v2/pkg/cmd/auth/native.go:45.16,47.3 1 0
github.com/tsuru/tsuru-client/v2/pkg/cmd/auth/native.go:48.2,50.16 3 3
github.com/tsuru/tsuru-client/v2/pkg/cmd/auth/native.go:50.16,52.3 1 0
github.com/tsuru/tsuru-client/v2/pkg/cmd/auth/native.go:53.2,55.16 3 3
github.com/tsuru/tsuru-client/v2/pkg/cmd/auth/native.go:55.16,57.3 1 0
github.com/tsuru/tsuru-client/v2/pkg/cmd/auth/native.go:58.2,58.32 1 3
github.com/tsuru/tsuru-client/v2/pkg/cmd/auth/native.go:58.32,60.3 1 0
github.com/tsuru/tsuru-client/v2/pkg/cmd/auth/native.go:61.2,62.87 2 3
github.com/tsuru/tsuru-client/v2/pkg/cmd/auth/native.go:65.59,70.91 2 4
github.com/tsuru/tsuru-client/v2/pkg/cmd/auth/native.go:70.91,72.17 2 0
github.com/tsuru/tsuru-client/v2/pkg/cmd/auth/native.go:72.17,74.4 1 0
github.com/tsuru/tsuru-client/v2/pkg/cmd/auth/native.go:75.8,77.3 1 4
github.com/tsuru/tsuru-client/v2/pkg/cmd/auth/native.go:78.2,78.24 1 4
github.com/tsuru/tsuru-client/v2/pkg/cmd/auth/native.go:78.24,80.3 1 1
github.com/tsuru/tsuru-client/v2/pkg/cmd/auth/native.go:81.2,81.30 1 3
github.com/tsuru/tsuru-client/v2/pkg/cmd/auth/oauth.go:50.48,52.13 2 4
github.com/tsuru/tsuru-client/v2/pkg/cmd/auth/oauth.go:52.13,54.3 1 1
github.com/tsuru/tsuru-client/v2/pkg/cmd/auth/oauth.go:55.2,55.13 1 3
github.com/tsuru/tsuru-client/v2/pkg/cmd/auth/oauth.go:58.100,64.16 6 3
github.com/tsuru/tsuru-client/v2/pkg/cmd/auth/oauth.go:64.16,66.3 1 0
github.com/tsuru/tsuru-client/v2/pkg/cmd/auth/oauth.go:67.2,70.16 3 3
github.com/tsuru/tsuru-client/v2/pkg/cmd/auth/oauth.go:70.16,72.3 1 0
github.com/tsuru/tsuru-client/v2/pkg/cmd/auth/oauth.go:73.2,76.16 3 3
github.com/tsuru/tsuru-client/v2/pkg/cmd/auth/oauth.go:76.16,78.3 1 0
github.com/tsuru/tsuru-client/v2/pkg/cmd/auth/oauth.go:80.2,82.16 3 3
github.com/tsuru/tsuru-client/v2/pkg/cmd/auth/oauth.go:82.16,84.3 1 0
github.com/tsuru/tsuru-client/v2/pkg/cmd/auth/oauth.go:85.2,85.36 1 3
github.com/tsuru/tsuru-client/v2/pkg/cmd/auth/oauth.go:88.103,89.54 1 3
github.com/tsuru/tsuru-client/v2/pkg/cmd/auth/oauth.go:89.54,90.16 1 3
github.com/tsuru/tsuru-client/v2/pkg/cmd/auth/oauth.go:90.16,92.4 1 3
github.com/tsuru/tsuru-client/v2/pkg/cmd/auth/oauth.go:93.3,95.17 3 3
github.com/tsuru/tsuru-client/v2/pkg/cmd/auth/oauth.go:95.17,98.4 2 3
github.com/tsuru/tsuru-client/v2/pkg/cmd/auth/oauth.go:98.9,101.4 2 0
github.com/tsuru/tsuru-client/v2/pkg/cmd/auth/oauth.go:102.3,103.24 2 3
github.com/tsuru/tsuru-client/v2/pkg/cmd/auth/oauth.go:107.77,108.47 1 2
github.com/tsuru/tsuru-client/v2/pkg/cmd/auth/oauth.go:108.47,110.3 1 0
github.com/tsuru/tsuru-client/v2/pkg/cmd/auth/oauth.go:112.2,113.16 2 2
github.com/tsuru/tsuru-client/v2/pkg/cmd/auth/oauth.go:113.16,115.3 1 0
github.com/tsuru/tsuru-client/v2/pkg/cmd/auth/oauth.go:116.2,117.16 2 2
github.com/tsuru/tsuru-client/v2/pkg/cmd/auth/oauth.go:117.16,119.3 1 0
github.com/tsuru/tsuru-client/v2/pkg/cmd/auth/oauth.go:120.2,131.16 10 2
github.com/tsuru/tsuru-client/v2/pkg/cmd/auth/oauth.go:131.16,134.3 2 0
github.com/tsuru/tsuru-client/v2/pkg/cmd/auth/oauth.go:135.2,141.12 6 2
github.com/tsuru/tsuru-client/v2/pkg/cmd/legacy.go:27.48,29.30 2 9
github.com/tsuru/tsuru-client/v2/pkg/cmd/legacy.go:29.30,31.3 1 9
github.com/tsuru/tsuru-client/v2/pkg/cmd/legacy.go:32.2,32.62 1 9
github.com/tsuru/tsuru-client/v2/pkg/cmd/legacy.go:35.70,39.55 1 8
github.com/tsuru/tsuru-client/v2/pkg/cmd/legacy.go:39.55,41.4 1 0
github.com/tsuru/tsuru-client/v2/pkg/cmd/legacy.go:45.2,45.18 1 8
github.com/tsuru/tsuru-client/v2/pkg/cmd/legacy.go:48.76,54.2 4 0
github.com/tsuru/tsuru-client/v2/pkg/cmd/legacy.go:56.43,57.30 1 0
github.com/tsuru/tsuru-client/v2/pkg/cmd/legacy.go:57.30,58.48 1 0
github.com/tsuru/tsuru-client/v2/pkg/cmd/legacy.go:58.48,59.18 1 0
github.com/tsuru/tsuru-client/v2/pkg/cmd/legacy.go:59.18,61.5 1 0
github.com/tsuru/tsuru-client/v2/pkg/cmd/legacy.go:62.4,62.10 1 0
github.com/tsuru/tsuru-client/v2/pkg/cmd/legacy.go:64.3,64.11 1 0
github.com/tsuru/tsuru-client/v2/pkg/cmd/legacy.go:73.46,74.23 1 1791
github.com/tsuru/tsuru-client/v2/pkg/cmd/legacy.go:74.23,76.3 1 387
github.com/tsuru/tsuru-client/v2/pkg/cmd/legacy.go:77.2,78.35 2 1791
github.com/tsuru/tsuru-client/v2/pkg/cmd/legacy.go:78.35,80.3 1 0
github.com/tsuru/tsuru-client/v2/pkg/cmd/legacy.go:83.89,86.39 2 9
github.com/tsuru/tsuru-client/v2/pkg/cmd/legacy.go:86.39,88.3 1 16
github.com/tsuru/tsuru-client/v2/pkg/cmd/legacy.go:91.2,92.52 2 9
github.com/tsuru/tsuru-client/v2/pkg/cmd/legacy.go:92.52,94.3 1 1494
github.com/tsuru/tsuru-client/v2/pkg/cmd/legacy.go:95.2,98.35 2 9
github.com/tsuru/tsuru-client/v2/pkg/cmd/legacy.go:98.35,100.40 1 1494
github.com/tsuru/tsuru-client/v2/pkg/cmd/legacy.go:100.40,101.12 1 63
github.com/tsuru/tsuru-client/v2/pkg/cmd/legacy.go:103.3,103.55 1 1431
github.com/tsuru/tsuru-client/v2/pkg/cmd/legacy.go:107.96,110.29 3 1431
github.com/tsuru/tsuru-client/v2/pkg/cmd/legacy.go:110.29,112.45 2 3321
github.com/tsuru/tsuru-client/v2/pkg/cmd/legacy.go:112.45,120.4 3 1775
github.com/tsuru/tsuru-client/v2/pkg/cmd/legacy.go:121.3,123.34 2 3321
github.com/tsuru/tsuru-client/v2/pkg/cmd/legacy.go:123.34,128.70 5 1415
github.com/tsuru/tsuru-client/v2/pkg/cmd/legacy.go:128.70,130.5 1 0
github.com/tsuru/tsuru-client/v2/pkg/cmd/legacy.go:142.36,142.53 1 9
github.com/tsuru/tsuru-client/v2/pkg/cmd/legacy.go:143.36,143.63 1 4155
github.com/tsuru/tsuru-client/v2/pkg/cmd/legacy.go:144.41,147.14 3 11129
github.com/tsuru/tsuru-client/v2/pkg/cmd/legacy.go:147.14,149.3 1 11129
github.com/tsuru/tsuru-client/v2/pkg/cmd/legacy.go:150.2,150.16 1 0
github.com/tsuru/tsuru-client/v2/pkg/cmd/plugin.go:18.75,20.59 2 2
github.com/tsuru/tsuru-client/v2/pkg/cmd/plugin.go:20.59,22.3 1 0
github.com/tsuru/tsuru-client/v2/pkg/cmd/plugin.go:24.2,25.22 2 2
github.com/tsuru/tsuru-client/v2/pkg/cmd/plugin.go:25.22,27.3 1 1
github.com/tsuru/tsuru-client/v2/pkg/cmd/plugin.go:29.2,47.40 5 1
github.com/tsuru/tsuru-client/v2/pkg/cmd/plugin.go:50.97,58.41 3 2
github.com/tsuru/tsuru-client/v2/pkg/cmd/plugin.go:58.41,62.58 4 5
github.com/tsuru/tsuru-client/v2/pkg/cmd/plugin.go:62.58,64.23 2 4
github.com/tsuru/tsuru-client/v2/pkg/cmd/plugin.go:64.23,65.13 1 4
github.com/tsuru/tsuru-client/v2/pkg/cmd/plugin.go:67.4,68.43 2 0
github.com/tsuru/tsuru-client/v2/pkg/cmd/plugin.go:70.3,70.63 1 1
github.com/tsuru/tsuru-client/v2/pkg/cmd/plugin.go:70.63,71.12 1 0
github.com/tsuru/tsuru-client/v2/pkg/cmd/plugin.go:73.3,73.18 1 1
github.com/tsuru/tsuru-client/v2/pkg/cmd/plugin.go:75.2,75.11 1 1
github.com/tsuru/tsuru-client/v2/pkg/cmd/root.go:37.38,38.21 1 8
github.com/tsuru/tsuru-client/v2/pkg/cmd/root.go:38.21,40.3 1 1
github.com/tsuru/tsuru-client/v2/pkg/cmd/root.go:41.2,41.36 1 8
github.com/tsuru/tsuru-client/v2/pkg/cmd/root.go:41.36,43.3 1 8
github.com/tsuru/tsuru-client/v2/pkg/cmd/root.go:44.2,44.65 1 0
github.com/tsuru/tsuru-client/v2/pkg/cmd/root.go:48.50,52.16 4 0
github.com/tsuru/tsuru-client/v2/pkg/cmd/root.go:52.16,54.3 1 0
github.com/tsuru/tsuru-client/v2/pkg/cmd/root.go:57.83,59.21 2 8
github.com/tsuru/tsuru-client/v2/pkg/cmd/root.go:59.21,61.3 1 0
github.com/tsuru/tsuru-client/v2/pkg/cmd/root.go:62.2,64.16 3 8
github.com/tsuru/tsuru-client/v2/pkg/cmd/root.go:67.69,74.55 1 8
github.com/tsuru/tsuru-client/v2/pkg/cmd/root.go:74.55,76.4 1 4
github.com/tsuru/tsuru-client/v2/pkg/cmd/root.go:85.2,87.16 2 8
github.com/tsuru/tsuru-client/v2/pkg/cmd/root.go:90.91,96.45 5 4
github.com/tsuru/tsuru-client/v2/pkg/cmd/root.go:96.45,100.3 3 3
github.com/tsuru/tsuru-client/v2/pkg/cmd/root.go:102.2,102.39 1 1
github.com/tsuru/tsuru-client/v2/pkg/cmd/root.go:107.70,108.16 1 4
github.com/tsuru/tsuru-client/v2/pkg/cmd/root.go:108.16,110.3 1 0
github.com/tsuru/tsuru-client/v2/pkg/cmd/root.go:111.2,112.20 2 4
github.com/tsuru/tsuru-client/v2/pkg/cmd/root.go:112.20,114.48 2 5
github.com/tsuru/tsuru-client/v2/pkg/cmd/root.go:114.48,116.4 1 3
github.com/tsuru/tsuru-client/v2/pkg/cmd/root.go:117.3,120.18 3 2
github.com/tsuru/tsuru-client/v2/pkg/cmd/root.go:120.18,121.19 1 2
github.com/tsuru/tsuru-client/v2/pkg/cmd/root.go:121.19,123.5 1 0
github.com/tsuru/tsuru-client/v2/pkg/cmd/root.go:124.4,124.20 1 2
github.com/tsuru/tsuru-client/v2/pkg/cmd/root.go:127.3,127.38 1 2
github.com/tsuru/tsuru-client/v2/pkg/cmd/root.go:127.38,131.4 3 0
github.com/tsuru/tsuru-client/v2/pkg/cmd/root.go:133.3,134.40 2 2
github.com/tsuru/tsuru-client/v2/pkg/cmd/root.go:134.40,136.4 1 0
github.com/tsuru/tsuru-client/v2/pkg/cmd/root.go:138.3,138.49 1 2
github.com/tsuru/tsuru-client/v2/pkg/cmd/root.go:138.49,140.4 1 2
github.com/tsuru/tsuru-client/v2/pkg/cmd/root.go:140.9,141.22 1 0
github.com/tsuru/tsuru-client/v2/pkg/cmd/root.go:141.22,143.5 1 0
github.com/tsuru/tsuru-client/v2/pkg/cmd/root.go:144.4,145.19 2 0
github.com/tsuru/tsuru-client/v2/pkg/cmd/root.go:148.2,148.13 1 1
github.com/tsuru/tsuru-client/v2/pkg/cmd/root.go:151.100,152.49 1 8
github.com/tsuru/tsuru-client/v2/pkg/cmd/root.go:152.49,153.76 1 6
github.com/tsuru/tsuru-client/v2/pkg/cmd/root.go:153.76,158.31 4 1
github.com/tsuru/tsuru-client/v2/pkg/cmd/root.go:158.31,162.5 3 0
github.com/tsuru/tsuru-client/v2/pkg/cmd/root.go:165.3,165.60 1 6
github.com/tsuru/tsuru-client/v2/pkg/cmd/root.go:165.60,167.4 1 0
github.com/tsuru/tsuru-client/v2/pkg/cmd/root.go:169.3,169.61 1 6
github.com/tsuru/tsuru-client/v2/pkg/cmd/root.go:169.61,171.4 1 0
github.com/tsuru/tsuru-client/v2/pkg/cmd/root.go:171.9,173.4 1 6
github.com/tsuru/tsuru-client/v2/pkg/cmd/root.go:175.3,175.65 1 6
github.com/tsuru/tsuru-client/v2/pkg/cmd/root.go:175.65,177.4 1 0
github.com/tsuru/tsuru-client/v2/pkg/cmd/root.go:182.51,183.16 1 9
github.com/tsuru/tsuru-client/v2/pkg/cmd/root.go:183.16,185.3 1 0
github.com/tsuru/tsuru-client/v2/pkg/cmd/root.go:186.2,189.12 4 9
github.com/tsuru/tsuru-client/v2/pkg/cmd/root.go:193.86,206.99 10 8
github.com/tsuru/tsuru-client/v2/pkg/cmd/root.go:206.99,208.4 1 0
github.com/tsuru/tsuru-client/v2/pkg/cmd/root.go:210.2,220.54 7 8
github.com/tsuru/tsuru-client/v2/pkg/cmd/root.go:220.54,222.3 1 0
github.com/tsuru/tsuru-client/v2/pkg/cmd/root.go:225.2,225.31 1 8
github.com/tsuru/tsuru-client/v2/pkg/cmd/root.go:225.31,227.3 1 16
github.com/tsuru/tsuru-client/v2/pkg/cmd/root.go:229.2,231.58 3 8
github.com/tsuru/tsuru-client/v2/pkg/cmd/root.go:234.86,240.18 4 0
github.com/tsuru/tsuru-client/v2/pkg/cmd/root.go:240.18,243.3 2 0
github.com/tsuru/tsuru-client/v2/pkg/cmd/root.go:244.2,250.17 5 0
github.com/tsuru/tsuru-client/v2/pkg/cmd/root.go:250.17,255.3 4 0
github.com/tsuru/tsuru-client/v2/pkg/cmd/root.go:257.2,259.17 3 0
github.com/tsuru/tsuru-client/v2/pkg/cmd/root.go:262.79,277.2 1 1
github.com/tsuru/tsuru-client/v2/pkg/printer/printer.go:29.44,36.2 1 0
github.com/tsuru/tsuru-client/v2/pkg/printer/printer.go:38.41,40.2 1 0
github.com/tsuru/tsuru-client/v2/pkg/printer/printer.go:41.40,43.2 1 0
github.com/tsuru/tsuru-client/v2/pkg/printer/printer.go:44.44,48.2 3 0
github.com/tsuru/tsuru-client/v2/pkg/printer/printer.go:49.38,51.2 1 0
github.com/tsuru/tsuru-client/v2/pkg/printer/printer.go:53.47,54.28 1 8
github.com/tsuru/tsuru-client/v2/pkg/printer/printer.go:55.37,56.26 1 2
github.com/tsuru/tsuru-client/v2/pkg/printer/printer.go:57.43,58.25 1 3
github.com/tsuru/tsuru-client/v2/pkg/printer/printer.go:59.14,60.19 1 1
github.com/tsuru/tsuru-client/v2/pkg/printer/printer.go:61.15,62.20 1 1
github.com/tsuru/tsuru-client/v2/pkg/printer/printer.go:63.10,64.78 1 1
github.com/tsuru/tsuru-client/v2/pkg/printer/printer.go:71.64,72.16 1 0
github.com/tsuru/tsuru-client/v2/pkg/printer/printer.go:73.19,74.30 1 0
github.com/tsuru/tsuru-client/v2/pkg/printer/printer.go:75.18,76.36 1 0
github.com/tsuru/tsuru-client/v2/pkg/printer/printer.go:77.12,78.30 1 0
github.com/tsuru/tsuru-client/v2/pkg/printer/printer.go:79.13,80.31 1 0
github.com/tsuru/tsuru-client/v2/pkg/printer/printer.go:81.10,82.50 1 0
github.com/tsuru/tsuru-client/v2/pkg/printer/printer.go:86.47,87.17 1 11
github.com/tsuru/tsuru-client/v2/pkg/printer/printer.go:87.17,89.3 1 1
github.com/tsuru/tsuru-client/v2/pkg/printer/printer.go:90.2,91.16 2 10
github.com/tsuru/tsuru-client/v2/pkg/printer/printer.go:91.16,93.3 1 2
github.com/tsuru/tsuru-client/v2/pkg/printer/printer.go:94.2,95.12 2 8
github.com/tsuru/tsuru-client/v2/pkg/printer/printer.go:98.53,99.17 1 11
github.com/tsuru/tsuru-client/v2/pkg/printer/printer.go:99.17,101.3 1 1
github.com/tsuru/tsuru-client/v2/pkg/printer/printer.go:102.2,103.16 2 10
github.com/tsuru/tsuru-client/v2/pkg/printer/printer.go:103.16,105.3 1 2
github.com/tsuru/tsuru-client/v2/pkg/printer/printer.go:106.2,107.12 2 8
github.com/tsuru/tsuru-client/v2/pkg/printer/printer.go:110.53,111.15 1 12
github.com/tsuru/tsuru-client/v2/pkg/printer/printer.go:111.15,112.31 1 12
github.com/tsuru/tsuru-client/v2/pkg/printer/printer.go:112.31,115.4 1 2
github.com/tsuru/tsuru-client/v2/pkg/printer/printer.go:118.2,118.17 1 12
github.com/tsuru/tsuru-client/v2/pkg/printer/printer.go:118.17,120.3 1 1
github.com/tsuru/tsuru-client/v2/pkg/printer/printer.go:121.2,122.16 2 11
github.com/tsuru/tsuru-client/v2/pkg/printer/printer.go:122.16,124.3 1 1
github.com/tsuru/tsuru-client/v2/pkg/printer/printer.go:125.2,126.12 2 8
github.com/tsuru/tsuru-client/v2/pkg/printer/table.go:27.54,31.2 3 18
github.com/tsuru/tsuru-client/v2/pkg/printer/table.go:33.54,34.17 1 18
github.com/tsuru/tsuru-client/v2/pkg/printer/table.go:34.17,36.3 1 1
github.com/tsuru/tsuru-client/v2/pkg/printer/table.go:38.2,39.14 2 17
github.com/tsuru/tsuru-client/v2/pkg/printer/table.go:40.23,41.67 1 0
github.com/tsuru/tsuru-client/v2/pkg/printer/table.go:46.18,47.35 1 5
github.com/tsuru/tsuru-client/v2/pkg/printer/table.go:49.15,50.34 1 9
github.com/tsuru/tsuru-client/v2/pkg/printer/table.go:51.22,52.30 1 1
github.com/tsuru/tsuru-client/v2/pkg/printer/table.go:53.74,54.75 1 2
github.com/tsuru/tsuru-client/v2/pkg/printer/table.go:55.10,56.84 1 0
github.com/tsuru/tsuru-client/v2/pkg/printer/table.go:59.2,59.12 1 17
github.com/tsuru/tsuru-client/v2/pkg/printer/table.go:62.48,65.27 3 3
github.com/tsuru/tsuru-client/v2/pkg/printer/table.go:65.27,67.3 1 11
github.com/tsuru/tsuru-client/v2/pkg/printer/table.go:68.2,68.16 1 3
github.com/tsuru/tsuru-client/v2/pkg/printer/table.go:71.58,73.22 2 9
github.com/tsuru/tsuru-client/v2/pkg/printer/table.go:74.36,75.42 1 6
github.com/tsuru/tsuru-client/v2/pkg/printer/table.go:76.19,77.26 1 3
github.com/tsuru/tsuru-client/v2/pkg/printer/table.go:77.26,79.44 2 3
github.com/tsuru/tsuru-client/v2/pkg/printer/table.go:79.44,79.126 1 3
github.com/tsuru/tsuru-client/v2/pkg/printer/table.go:80.4,80.30 1 3
github.com/tsuru/tsuru-client/v2/pkg/printer/table.go:80.30,81.14 1 6
github.com/tsuru/tsuru-client/v2/pkg/printer/table.go:81.14,83.6 1 3
github.com/tsuru/tsuru-client/v2/pkg/printer/table.go:84.5,84.93 1 6
github.com/tsuru/tsuru-client/v2/pkg/printer/table.go:86.4,87.14 2 3
github.com/tsuru/tsuru-client/v2/pkg/printer/table.go:89.3,89.40 1 0
github.com/tsuru/tsuru-client/v2/pkg/printer/table.go:90.10,91.87 1 0
github.com/tsuru/tsuru-client/v2/pkg/printer/table.go:114.54,115.33 1 6
github.com/tsuru/tsuru-client/v2/pkg/printer/table.go:115.33,117.3 1 11
github.com/tsuru/tsuru-client/v2/pkg/printer/table.go:118.2,118.34 1 6
github.com/tsuru/tsuru-client/v2/pkg/printer/table.go:118.34,120.40 2 8
github.com/tsuru/tsuru-client/v2/pkg/printer/table.go:120.40,122.4 1 4
github.com/tsuru/tsuru-client/v2/pkg/printer/table.go:129.87,130.25 1 36
github.com/tsuru/tsuru-client/v2/pkg/printer/table.go:130.25,132.3 1 26
github.com/tsuru/tsuru-client/v2/pkg/printer/table.go:133.2,133.26 1 36
github.com/tsuru/tsuru-client/v2/pkg/printer/table.go:133.26,135.3 1 26
github.com/tsuru/tsuru-client/v2/pkg/printer/table.go:137.2,138.14 2 36
github.com/tsuru/tsuru-client/v2/pkg/printer/table.go:139.23,140.20 1 3
github.com/tsuru/tsuru-client/v2/pkg/printer/table.go:140.20,142.4 1 1
github.com/tsuru/tsuru-client/v2/pkg/printer/table.go:143.3,143.50 1 2
github.com/tsuru/tsuru-client/v2/pkg/printer/table.go:148.18,149.89 1 11
github.com/tsuru/tsuru-client/v2/pkg/printer/table.go:151.15,152.23 1 17
github.com/tsuru/tsuru-client/v2/pkg/printer/table.go:152.23,154.4 1 9
github.com/tsuru/tsuru-client/v2/pkg/printer/table.go:155.3,155.46 1 8
github.com/tsuru/tsuru-client/v2/pkg/printer/table.go:155.46,157.4 1 8
github.com/tsuru/tsuru-client/v2/pkg/printer/table.go:157.9,159.4 1 0
github.com/tsuru/tsuru-client/v2/pkg/printer/table.go:160.22,161.91 1 5
github.com/tsuru/tsuru-client/v2/pkg/printer/table.go:162.10,163.109 1 0
github.com/tsuru/tsuru-client/v2/pkg/printer/table.go:165.2,165.12 1 24
github.com/tsuru/tsuru-client/v2/pkg/printer/table.go:173.45,175.14 2 57
github.com/tsuru/tsuru-client/v2/pkg/printer/table.go:176.23,177.34 1 6
github.com/tsuru/tsuru-client/v2/pkg/printer/table.go:182.18,183.39 1 15
github.com/tsuru/tsuru-client/v2/pkg/printer/table.go:184.36,185.42 1 21
github.com/tsuru/tsuru-client/v2/pkg/printer/table.go:186.19,187.46 1 4
github.com/tsuru/tsuru-client/v2/pkg/printer/table.go:187.46,189.44 2 4
github.com/tsuru/tsuru-client/v2/pkg/printer/table.go:189.44,189.126 1 4
github.com/tsuru/tsuru-client/v2/pkg/printer/table.go:190.4,191.30 2 4
github.com/tsuru/tsuru-client/v2/pkg/printer/table.go:191.30,192.14 1 8
github.com/tsuru/tsuru-client/v2/pkg/printer/table.go:192.14,194.6 1 4
github.com/tsuru/tsuru-client/v2/pkg/printer/table.go:195.5,195.77 1 8
github.com/tsuru/tsuru-client/v2/pkg/printer/table.go:197.4,197.23 1 4
github.com/tsuru/tsuru-client/v2/pkg/printer/table.go:199.3,199.42 1 0
github.com/tsuru/tsuru-client/v2/pkg/printer/table.go:200.22,201.44 1 11
github.com/tsuru/tsuru-client/v2/pkg/printer/table.go:203.10,204.66 1 0
github.com/tsuru/tsuru-client/v2/pkg/printer/table.go:208.60,209.68 1 21
github.com/tsuru/tsuru-client/v2/pkg/printer/table.go:209.68,211.3 1 0
github.com/tsuru/tsuru-client/v2/pkg/printer/table.go:212.2,212.22 1 21
github.com/tsuru/tsuru-client/v2/pkg/printer/table.go:212.22,214.3 1 3
github.com/tsuru/tsuru-client/v2/pkg/printer/table.go:216.2,216.45 1 18
github.com/tsuru/tsuru-client/v2/pkg/printer/table.go:216.45,218.36 2 4
github.com/tsuru/tsuru-client/v2/pkg/printer/table.go:218.36,219.13 1 12
github.com/tsuru/tsuru-client/v2/pkg/printer/table.go:219.13,221.5 1 8
github.com/tsuru/tsuru-client/v2/pkg/printer/table.go:222.4,222.54 1 12
github.com/tsuru/tsuru-client/v2/pkg/printer/table.go:224.3,224.22 1 4
github.com/tsuru/tsuru-client/v2/pkg/printer/table.go:227.2,228.44 2 14
github.com/tsuru/tsuru-client/v2/pkg/printer/table.go:228.44,230.3 1 3
github.com/tsuru/tsuru-client/v2/pkg/printer/table.go:232.2,232.29 1 14
github.com/tsuru/tsuru-client/v2/pkg/printer/table.go:233.36,234.55 1 3
github.com/tsuru/tsuru-client/v2/pkg/printer/table.go:234.55,236.37 2 2
github.com/tsuru/tsuru-client/v2/pkg/printer/table.go:236.37,237.14 1 4
github.com/tsuru/tsuru-client/v2/pkg/printer/table.go:237.14,239.6 1 2
github.com/tsuru/tsuru-client/v2/pkg/printer/table.go:240.5,240.55 1 4
github.com/tsuru/tsuru-client/v2/pkg/printer/table.go:242.4,242.23 1 2
github.com/tsuru/tsuru-client/v2/pkg/printer/table.go:244.3,244.57 1 1
github.com/tsuru/tsuru-client/v2/pkg/printer/table.go:245.19,247.36 2 5
github.com/tsuru/tsuru-client/v2/pkg/printer/table.go:247.36,248.13 1 10
github.com/tsuru/tsuru-client/v2/pkg/printer/table.go:248.13,250.5 1 5
github.com/tsuru/tsuru-client/v2/pkg/printer/table.go:251.4,252.38 2 10
github.com/tsuru/tsuru-client/v2/pkg/printer/table.go:252.38,254.5 1 0
github.com/tsuru/tsuru-client/v2/pkg/printer/table.go:255.4,256.41 2 10
github.com/tsuru/tsuru-client/v2/pkg/printer/table.go:256.41,256.117 1 5
github.com/tsuru/tsuru-client/v2/pkg/printer/table.go:257.4,257.27 1 10
github.com/tsuru/tsuru-client/v2/pkg/printer/table.go:257.27,258.15 1 15
github.com/tsuru/tsuru-client/v2/pkg/printer/table.go:258.15,260.6 1 10
github.com/tsuru/tsuru-client/v2/pkg/printer/table.go:260.11,262.6 1 5
github.com/tsuru/tsuru-client/v2/pkg/printer/table.go:263.5,263.42 1 15
github.com/tsuru/tsuru-client/v2/pkg/printer/table.go:265.4,265.24 1 10
github.com/tsuru/tsuru-client/v2/pkg/printer/table.go:267.3,267.22 1 5
github.com/tsuru/tsuru-client/v2/pkg/printer/table.go:268.22,272.26 3 6
github.com/tsuru/tsuru-client/v2/pkg/printer/table.go:272.26,273.13 1 18
github.com/tsuru/tsuru-client/v2/pkg/printer/table.go:273.13,275.5 1 12
github.com/tsuru/tsuru-client/v2/pkg/printer/table.go:276.4,276.71 1 18
github.com/tsuru/tsuru-client/v2/pkg/printer/table.go:279.3,279.36 1 6
github.com/tsuru/tsuru-client/v2/pkg/printer/table.go:279.36,281.27 2 12
github.com/tsuru/tsuru-client/v2/pkg/printer/table.go:281.27,282.14 1 36
github.com/tsuru/tsuru-client/v2/pkg/printer/table.go:282.14,284.6 1 24
github.com/tsuru/tsuru-client/v2/pkg/printer/table.go:285.5,286.39 2 36
github.com/tsuru/tsuru-client/v2/pkg/printer/table.go:286.39,288.6 1 18
github.com/tsuru/tsuru-client/v2/pkg/printer/table.go:290.5,291.40 2 36
github.com/tsuru/tsuru-client/v2/pkg/printer/table.go:291.40,293.6 1 0
github.com/tsuru/tsuru-client/v2/pkg/printer/table.go:294.5,294.46 1 36
github.com/tsuru/tsuru-client/v2/pkg/printer/table.go:297.3,298.22 2 6
github.com/tsuru/tsuru-client/v2/pkg/printer/table.go:299.10,300.57 1 0
github.com/tsuru/tsuru-client/v2/pkg/printer/table.go:304.62,305.36 1 11
github.com/tsuru/tsuru-client/v2/pkg/printer/table.go:305.36,307.3 1 0
github.com/tsuru/tsuru-client/v2/pkg/printer/table.go:309.2,312.25 3 11
github.com/tsuru/tsuru-client/v2/pkg/printer/table.go:312.25,313.12 1 25
github.com/tsuru/tsuru-client/v2/pkg/printer/table.go:313.12,315.4 1 14
github.com/tsuru/tsuru-client/v2/pkg/printer/table.go:316.3,316.70 1 25
github.com/tsuru/tsuru-client/v2/pkg/printer/table.go:318.2,320.25 2 11
github.com/tsuru/tsuru-client/v2/pkg/printer/table.go:320.25,321.12 1 25
github.com/tsuru/tsuru-client/v2/pkg/printer/table.go:321.12,323.4 1 14
github.com/tsuru/tsuru-client/v2/pkg/printer/table.go:324.3,325.31 2 25
github.com/tsuru/tsuru-client/v2/pkg/printer/table.go:327.2,329.21 2 11
github.com/tsuru/tsuru-client/v2/pkg/printer/table.go:332.65,334.22 2 6
github.com/tsuru/tsuru-client/v2/pkg/printer/table.go:334.22,336.3 1 2
github.com/tsuru/tsuru-client/v2/pkg/printer/table.go:338.2,339.32 2 4
github.com/tsuru/tsuru-client/v2/pkg/printer/table.go:339.32,341.3 1 1
github.com/tsuru/tsuru-client/v2/pkg/printer/table.go:343.2,343.31 1 4
github.com/tsuru/tsuru-client/v2/pkg/printer/table.go:343.31,346.3 2 2
github.com/tsuru/tsuru-client/v2/pkg/printer/table.go:348.2,348.35 1 2
github.com/tsuru/tsuru-client/v2/pkg/printer/table.go:348.35,350.3 1 4
github.com/tsuru/tsuru-client/v2/pkg/printer/table.go:352.2,352.12 1 2
github.com/tsuru/tsuru-client/v2/pkg/printer/table.go:354.63,356.2 1 0
github.com/tsuru/tsuru-client/v2/pkg/printer/table.go:358.42,360.2 1 33
github.com/tsuru/tsuru-client/v2/pkg/printer/table.go:362.37,364.52 2 33
github.com/tsuru/tsuru-client/v2/pkg/printer/table.go:364.52,366.3 1 8
github.com/tsuru/tsuru-client/v2/pkg/printer/table.go:368.2,370.19 2 25
github.com/tsuru/tsuru-client/v2/pkg/printer/table.go:375.18,376.14 1 10
github.com/tsuru/tsuru-client/v2/pkg/printer/table.go:377.10,378.15 1 15
github.com/tsuru/tsuru-client/v2/pkg/printer/table.go:382.35,383.48 1 26
github.com/tsuru/tsuru-client/v2/pkg/printer/table.go:383.48,385.3 1 15
github.com/tsuru/tsuru-client/v2/pkg/printer/table.go:387.2,391.17 4 11
github.com/tsuru/tsuru-client/v2/pkg/printer/table.go:396.18,397.25 1 11
github.com/tsuru/tsuru-client/v2/pkg/printer/table.go:399.2,399.19 1 11
github.com/tsuru/tsuru-client/v2/pkg/printer/table.go:404.18,405.27 1 11
github.com/tsuru/tsuru-client/v2/pkg/printer/table.go:408.2,408.45 1 11
github.com/tsuru/tsuru-client/v2/pkg/printer/table.go:417.76,418.41 1 24
github.com/tsuru/tsuru-client/v2/pkg/printer/table.go:418.41,420.3 1 0
github.com/tsuru/tsuru-client/v2/pkg/printer/table.go:422.2,423.58 2 24
github.com/tsuru/tsuru-client/v2/pkg/printer/table.go:423.58,424.26 1 80
github.com/tsuru/tsuru-client/v2/pkg/printer/table.go:424.26,425.12 1 11
github.com/tsuru/tsuru-client/v2/pkg/printer/table.go:428.3,432.46 4 69
github.com/tsuru/tsuru-client/v2/pkg/printer/table.go:432.46,434.4 1 0
github.com/tsuru/tsuru-client/v2/pkg/printer/table.go:435.3,435.113 1 69
github.com/tsuru/tsuru-client/v2/pkg/printer/table.go:437.2,437.41 1 24
github.com/tsuru/tsuru-client/v2/pkg/printer/table.go:437.41,438.47 1 75
github.com/tsuru/tsuru-client/v2/pkg/printer/table.go:438.47,440.4 1 32
github.com/tsuru/tsuru-client/v2/pkg/printer/table.go:441.3,441.49 1 43
github.com/tsuru/tsuru-client/v2/pkg/printer/table.go:444.2,444.15 1 24
github.com/tsuru/tsuru-client/v2/pkg/printer/table.go:452.37,456.2 3 74
